2017-08-29 16:18:36,150 [main] DEBUG org.jboss.logging - Logging Provider: org.jboss.logging.Slf4jLoggerProvider 
2017-08-29 16:18:36,707 [main] INFO  migratus.core - Starting migrations 
2017-08-29 16:18:36,996 [main] INFO  migratus.database - creating migration table 'schema_migrations' 
2017-08-29 16:18:37,036 [main] WARN  migratus.database - skipping: '.DS_Store' migrations must match pattern: ^(\d+)-([^\.]+)\.(up|down)\.sql$ 
2017-08-29 16:18:37,055 [main] INFO  migratus.core - Running up for [20160221190951] 
2017-08-29 16:18:37,056 [main] INFO  migratus.core - Up 20160221190951-add-users-table 
2017-08-29 16:18:37,067 [main] DEBUG migratus.database - found 1 up migrations 
2017-08-29 16:18:37,093 [main] DEBUG migratus.database - marking 20160221190951 complete 
2017-08-29 16:18:37,102 [main] INFO  migratus.core - Ending migrations 
2017-08-29 16:19:10,258 [main] DEBUG org.jboss.logging - Logging Provider: org.jboss.logging.Slf4jLoggerProvider 
2017-08-29 16:19:11,183 [main] INFO  guestbook.env - 
-=[guestbook started successfully using the development profile]=- 
2017-08-29 16:19:11,319 [main] INFO  luminus.http-server - starting HTTP server on port 3000 
2017-08-29 16:19:11,425 [main] INFO  org.xnio - XNIO version 3.3.6.Final 
2017-08-29 16:19:11,658 [main] INFO  org.projectodd.wunderboss.web.Web - Registered web context / 
2017-08-29 16:19:11,660 [main] INFO  luminus.repl-server - starting nREPL server on port 7000 
2017-08-29 16:19:11,689 [main] INFO  guestbook.core - #'guestbook.config/env started 
2017-08-29 16:19:11,689 [main] INFO  guestbook.core - #'guestbook.db.core/*db* started 
2017-08-29 16:19:11,689 [main] INFO  guestbook.core - #'guestbook.handler/init-app started 
2017-08-29 16:19:11,689 [main] INFO  guestbook.core - #'guestbook.core/http-server started 
2017-08-29 16:19:11,690 [main] INFO  guestbook.core - #'guestbook.core/repl-server started 
2017-08-29 16:55:44,429 [HikariPool-1 housekeeper] WARN  com.zaxxer.hikari.pool.HikariPool - HikariPool-1 - Thread starvation or clock leap detected (housekeeper delta=6m22s155ms). 
2017-08-29 16:58:54,772 [HikariPool-1 housekeeper] WARN  com.zaxxer.hikari.pool.HikariPool - HikariPool-1 - Thread starvation or clock leap detected (housekeeper delta=3m10s344ms). 
2017-08-29 17:04:37,613 [HikariPool-1 housekeeper] WARN  com.zaxxer.hikari.pool.HikariPool - HikariPool-1 - Thread starvation or clock leap detected (housekeeper delta=4m30s381ms). 
2017-08-29 17:10:37,148 [HikariPool-1 housekeeper] WARN  com.zaxxer.hikari.pool.HikariPool - HikariPool-1 - Thread starvation or clock leap detected (housekeeper delta=5m59s535ms). 
2017-08-29 17:12:35,531 [HikariPool-1 housekeeper] WARN  com.zaxxer.hikari.pool.HikariPool - HikariPool-1 - Thread starvation or clock leap detected (housekeeper delta=1m58s383ms). 
2017-08-29 17:25:19,405 [HikariPool-1 housekeeper] WARN  com.zaxxer.hikari.pool.HikariPool - HikariPool-1 - Thread starvation or clock leap detected (housekeeper delta=1m43s785ms). 
2017-08-29 18:26:02,527 [HikariPool-1 housekeeper] WARN  com.zaxxer.hikari.pool.HikariPool - HikariPool-1 - Thread starvation or clock leap detected (housekeeper delta=1h13s109ms). 
2017-08-29 19:26:53,851 [HikariPool-1 housekeeper] WARN  com.zaxxer.hikari.pool.HikariPool - HikariPool-1 - Thread starvation or clock leap detected (housekeeper delta=1h21s315ms). 
